<?xml version="1.0" encoding="UTF-8" ?>
<testsuites>
  <testsuite errors="0" failures="1" hostname="eowyn" id="0" name="CanchaControllerTests" package="controlador" tests="1" time="3.044" timestamp="2013-06-25T21:04:36">
      <properties />

      <testcase classname="controlador.CanchaControllerTests" name="testSomething" time="2.828">
          <failure message="junit.framework.AssertionFailedError: Implement me" type="junit.framework.AssertionFailedError">junit.framework.AssertionFailedError: junit.framework.AssertionFailedError: Implement me
	at controlador.CanchaControllerTests.testSomething(CanchaControllerTests.groovy:15)
</failure>

      </testcase>

      <system-out><![CDATA[--Output from testSomething--
]]></system-out>

      <system-err><![CDATA[--Output from testSomething--
]]></system-err>

  </testsuite>
  <testsuite errors="0" failures="1" hostname="eowyn" id="1" name="ClubControllerTests" package="controlador" tests="1" time="0.855" timestamp="2013-06-25T21:04:39">
      <properties />

      <testcase classname="controlador.ClubControllerTests" name="testSomething" time="0.671">
          <failure message="junit.framework.AssertionFailedError: Implement me" type="junit.framework.AssertionFailedError">junit.framework.AssertionFailedError: junit.framework.AssertionFailedError: Implement me
	at controlador.ClubControllerTests.testSomething(ClubControllerTests.groovy:15)
</failure>

      </testcase>

      <system-out><![CDATA[--Output from testSomething--
]]></system-out>

      <system-err><![CDATA[--Output from testSomething--
]]></system-err>

  </testsuite>
  <testsuite errors="0" failures="1" hostname="eowyn" id="2" name="PermisoControllerTests" package="controlador" tests="1" time="1.106" timestamp="2013-06-25T21:04:40">
      <properties />

      <testcase classname="controlador.PermisoControllerTests" name="testSomething" time="0.269">
          <failure message="junit.framework.AssertionFailedError: Implement me" type="junit.framework.AssertionFailedError">junit.framework.AssertionFailedError: junit.framework.AssertionFailedError: Implement me
	at controlador.PermisoControllerTests.testSomething(PermisoControllerTests.groovy:15)
</failure>

      </testcase>

      <system-out><![CDATA[--Output from testSomething--
]]></system-out>

      <system-err><![CDATA[--Output from testSomething--
]]></system-err>

  </testsuite>
  <testsuite errors="0" failures="1" hostname="eowyn" id="3" name="PersonaControllerTests" package="controlador" tests="1" time="1.872" timestamp="2013-06-25T21:04:41">
      <properties />

      <testcase classname="controlador.PersonaControllerTests" name="testSomething" time="0.268">
          <failure message="junit.framework.AssertionFailedError: Implement me" type="junit.framework.AssertionFailedError">junit.framework.AssertionFailedError: junit.framework.AssertionFailedError: Implement me
	at controlador.PersonaControllerTests.testSomething(PersonaControllerTests.groovy:15)
</failure>

      </testcase>

      <system-out><![CDATA[--Output from testSomething--
]]></system-out>

      <system-err><![CDATA[--Output from testSomething--
]]></system-err>

  </testsuite>
  <testsuite errors="0" failures="1" hostname="eowyn" id="4" name="RolControllerTests" package="controlador" tests="1" time="0.566" timestamp="2013-06-25T21:04:43">
      <properties />

      <testcase classname="controlador.RolControllerTests" name="testSomething" time="0.399">
          <failure message="junit.framework.AssertionFailedError: Implement me" type="junit.framework.AssertionFailedError">junit.framework.AssertionFailedError: junit.framework.AssertionFailedError: Implement me
	at controlador.RolControllerTests.testSomething(RolControllerTests.groovy:15)
</failure>

      </testcase>

      <system-out><![CDATA[--Output from testSomething--
]]></system-out>

      <system-err><![CDATA[--Output from testSomething--
]]></system-err>

  </testsuite>
  <testsuite errors="0" failures="1" hostname="eowyn" id="5" name="UsuarioControllerTests" package="controlador" tests="1" time="0.832" timestamp="2013-06-25T21:04:43">
      <properties />

      <testcase classname="controlador.UsuarioControllerTests" name="testSomething" time="0.303">
          <failure message="junit.framework.AssertionFailedError: Implement me" type="junit.framework.AssertionFailedError">junit.framework.AssertionFailedError: junit.framework.AssertionFailedError: Implement me
	at controlador.UsuarioControllerTests.testSomething(UsuarioControllerTests.groovy:15)
</failure>

      </testcase>

      <system-out><![CDATA[--Output from testSomething--
]]></system-out>

      <system-err><![CDATA[--Output from testSomething--
]]></system-err>

  </testsuite>
  <testsuite errors="0" failures="1" hostname="eowyn" id="6" name="CanchaTests" package="modelo" tests="1" time="0.94" timestamp="2013-06-25T21:04:44">
      <properties />

      <testcase classname="modelo.CanchaTests" name="testSomething" time="0.839">
          <failure message="junit.framework.AssertionFailedError: Implement me" type="junit.framework.AssertionFailedError">junit.framework.AssertionFailedError: junit.framework.AssertionFailedError: Implement me
	at modelo.CanchaTests.testSomething(CanchaTests.groovy:15)
</failure>

      </testcase>

      <system-out><![CDATA[--Output from testSomething--
]]></system-out>

      <system-err><![CDATA[--Output from testSomething--
]]></system-err>

  </testsuite>
  <testsuite errors="0" failures="1" hostname="eowyn" id="7" name="ClubTests" package="modelo" tests="1" time="0.273" timestamp="2013-06-25T21:04:45">
      <properties />

      <testcase classname="modelo.ClubTests" name="testSomething" time="0.155">
          <failure message="junit.framework.AssertionFailedError: Implement me" type="junit.framework.AssertionFailedError">junit.framework.AssertionFailedError: junit.framework.AssertionFailedError: Implement me
	at modelo.ClubTests.testSomething(ClubTests.groovy:15)
</failure>

      </testcase>

      <system-out><![CDATA[--Output from testSomething--
]]></system-out>

      <system-err><![CDATA[--Output from testSomething--
]]></system-err>

  </testsuite>
  <testsuite errors="0" failures="1" hostname="eowyn" id="8" name="PermisoTests" package="modelo" tests="1" time="0.216" timestamp="2013-06-25T21:04:45">
      <properties />

      <testcase classname="modelo.PermisoTests" name="testSomething" time="0.095">
          <failure message="junit.framework.AssertionFailedError: Implement me" type="junit.framework.AssertionFailedError">junit.framework.AssertionFailedError: junit.framework.AssertionFailedError: Implement me
	at modelo.PermisoTests.testSomething(PermisoTests.groovy:15)
</failure>

      </testcase>

      <system-out><![CDATA[--Output from testSomething--
]]></system-out>

      <system-err><![CDATA[--Output from testSomething--
]]></system-err>

  </testsuite>
  <testsuite errors="0" failures="1" hostname="eowyn" id="9" name="PersonaTests" package="modelo" tests="1" time="0.214" timestamp="2013-06-25T21:04:46">
      <properties />

      <testcase classname="modelo.PersonaTests" name="testSomething" time="0.085">
          <failure message="junit.framework.AssertionFailedError: Implement me" type="junit.framework.AssertionFailedError">junit.framework.AssertionFailedError: junit.framework.AssertionFailedError: Implement me
	at modelo.PersonaTests.testSomething(PersonaTests.groovy:15)
</failure>

      </testcase>

      <system-out><![CDATA[--Output from testSomething--
]]></system-out>

      <system-err><![CDATA[--Output from testSomething--
]]></system-err>

  </testsuite>
  <testsuite errors="0" failures="1" hostname="eowyn" id="10" name="RolTests" package="modelo" tests="1" time="0.26" timestamp="2013-06-25T21:04:46">
      <properties />

      <testcase classname="modelo.RolTests" name="testSomething" time="0.144">
          <failure message="junit.framework.AssertionFailedError: Implement me" type="junit.framework.AssertionFailedError">junit.framework.AssertionFailedError: junit.framework.AssertionFailedError: Implement me
	at modelo.RolTests.testSomething(RolTests.groovy:15)
</failure>

      </testcase>

      <system-out><![CDATA[--Output from testSomething--
]]></system-out>

      <system-err><![CDATA[--Output from testSomething--
]]></system-err>

  </testsuite>
  <testsuite errors="0" failures="1" hostname="eowyn" id="11" name="UsuarioTests" package="modelo" tests="1" time="0.126" timestamp="2013-06-25T21:04:46">
      <properties />

      <testcase classname="modelo.UsuarioTests" name="testSomething" time="0.123">
          <failure message="junit.framework.AssertionFailedError: Implement me" type="junit.framework.AssertionFailedError">junit.framework.AssertionFailedError: junit.framework.AssertionFailedError: Implement me
	at modelo.UsuarioTests.testSomething(UsuarioTests.groovy:15)
</failure>

      </testcase>

      <system-out><![CDATA[--Output from testSomething--
]]></system-out>

      <system-err><![CDATA[--Output from testSomething--
]]></system-err>

  </testsuite>
</testsuites>
